Build started 8/24/2018 4:58:14 PM.
     1>Project "D:\v-donche\siggraph18\colorization_demo\github\Similarity_SubNet\windows\caffe\caffe.vcxproj" on node 16 (Rebuild target(s)).
     1>ClCompile:
         C:\Program Files (x86)\Microsoft Visual Studio 12.0\VC\bin\x86_amd64\CL.exe /c /I"D:\v-donche\siggraph18\colorization_demo\github\NugetPackages\lmdb-v120-clean.0.9.14.0\build\native\..\..\lib\native\include" /I"D:\v-donche\siggraph18\colorization_demo\github\NugetPackages\LevelDB-vc120.1.2.0.0\build\native\../..//build/native/include/" /I"D:\v-donche\siggraph18\colorization_demo\github\NugetPackages\protobuf-v120.2.6.1\build\native\../..//build/native/include/" /I"D:\v-donche\siggraph18\colorization_demo\github\NugetPackages\glog.0.3.3.0\build\native\../..//build/native/include/" /I"D:\v-donche\siggraph18\colorization_demo\github\NugetPackages\gflags.2.1.2.1\build\native\../..///build/native/include/" /I"D:\v-donche\siggraph18\colorization_demo\github\NugetPackages\boost.1.59.0.0\build\native\..\..\lib\native\include\\" /I"D:\v-donche\siggraph18\colorization_demo\github\NugetPackages\hdf5-v120-complete.1.8.15.2\build\native\..\..\lib\native\include" /I"D:\v-donche\siggraph18\colorization_demo\github\NugetPackages\OpenCV.2.4.10\build\native\../../build/native/include/" /I"D:\v-donche\siggraph18\colorization_demo\github\NugetPackages\OpenBLAS.0.2.14.1\build\native\..\..\lib\native\include" /Zi /nologo /W1 /WX /MP /Od /D HAS_LMDB /D HAS_HDF5 /D HAS_OPENCV /D HAS_OPENBLAS /D _DEBUG /D _SCL_SECURE_NO_WARNINGS /D USE_OPENCV /D USE_LEVELDB /D USE_LMDB /D USE_CUDNN /D _UNICODE /D UNICODE /Gm- /EHsc /RTC1 /MDd /GS /Zc:wchar_t /Zc:forScope /Fo"D:\v-donche\siggraph18\colorization_demo\github\Similarity_SubNet\windows\..\Build\Int\caffe\x64\Debug\\" /Fd"D:\v-donche\siggraph18\colorization_demo\github\Similarity_SubNet\windows\..\Build\Int\caffe\x64\Debug\vc120.pdb" /Gd /TP /errorReport:prompt ..\..\tools\caffe.cpp
         caffe.cpp
     1>..\..\tools\caffe.cpp(249): error C2039: 'P2PSync' : is not a member of 'caffe'
     1>..\..\tools\caffe.cpp(249): error C2065: 'P2PSync' : undeclared identifier
     1>..\..\tools\caffe.cpp(249): error C2062: type 'float' unexpected
     1>..\..\tools\caffe.cpp(250): error C2065: 'sync' : undeclared identifier
     1>..\..\tools\caffe.cpp(250): error C2228: left of '.Run' must have class/struct/union
                 type is 'unknown-type'
     1>Done Building Project "D:\v-donche\siggraph18\colorization_demo\github\Similarity_SubNet\windows\caffe\caffe.vcxproj" (Rebuild target(s)) -- FAILED.

Build FAILED.

Time Elapsed 00:00:04.11
