Build started 8/24/2018 4:58:18 PM.
     1>Project "D:\v-donche\siggraph18\colorization_demo\github\Similarity_SubNet\windows\test_all\test_all.vcxproj" on node 32 (Rebuild target(s)).
     1>CudaClean:
         cmd.exe /C "C:\Users\t-dochen\AppData\Local\Temp\4\tmp91bb1c50de3b49d69a5c5a5601058821.cmd"
         "C:\Program Files\NVIDIA GPU Computing Toolkit\CUDA\v8.0\bin\nvcc.exe" -ccbin "C:\Program Files (x86)\Microsoft Visual Studio 12.0\VC\bin\x86_amd64"  -I"D:\v-donche\siggraph18\colorization_demo\github\NugetPackages\lmdb-v120-clean.0.9.14.0\build\native\..\..\lib\native\include" -I"D:\v-donche\siggraph18\colorization_demo\github\NugetPackages\LevelDB-vc120.1.2.0.0\build\native\../..//build/native/include/" -I"D:\v-donche\siggraph18\colorization_demo\github\NugetPackages\OpenCV.2.4.10\build\native\../../build/native/include/" -I"D:\v-donche\siggraph18\colorization_demo\github\NugetPackages\OpenBLAS.0.2.14.1\build\native\..\..\lib\native\include" -I"D:\v-donche\siggraph18\colorization_demo\github\NugetPackages\glog.0.3.3.0\build\native\../..//build/native/include/" -I"D:\v-donche\siggraph18\colorization_demo\github\NugetPackages\gflags.2.1.2.1\build\native\../..///build/native/include/" -I"D:\v-donche\siggraph18\colorization_demo\github\NugetPackages\protobuf-v120.2.6.1\build\native\../..//build/native/include/" -I"D:\v-donche\siggraph18\colorization_demo\github\NugetPackages\boost.1.59.0.0\build\native\..\..\lib\native\include\\" -I"D:\v-donche\siggraph18\colorization_demo\github\Similarity_SubNet\windows\test_all\\..\..\src" -I"D:\v-donche\siggraph18\colorization_demo\github\NugetPackages\hdf5-v120-complete.1.8.15.2\build\native\..\..\lib\native\include" -I"C:\Program Files\NVIDIA GPU Computing Toolkit\CUDA\v8.0\include" -I"C:\Program Files\NVIDIA GPU Computing Toolkit\CUDA\v8.0\include"  -G -lineinfo  --keep-dir D:\v-donche\siggraph18\colorization_demo\github\Similarity_SubNet\windows\..\Build\Int\test_all\x64\Debug -maxrregcount=0  --machine 64 --compile  -Xcudafe "--diag_suppress=exception_spec_override_incompat --diag_suppress=useless_using_declaration --diag_suppress=field_without_dll_interface --diag_suppress=boolean_controlling_expr_is_constant" -D_SCL_SECURE_NO_WARNINGS -DGFLAGS_DLL_DECL=  -g   -DHAS_LMDB -DHAS_OPENCV -DHAS_OPENBLAS -D_DEBUG -D_SCL_SECURE_NO_WARNINGS -DUSE_OPENCV -DUSE_LEVELDB -DUSE_LMDB -DUSE_CUDNN -D_UNICODE -DUNICODE -DHAS_HDF5 -Xcompiler "/EHsc /W1 /nologo /Od /FS /Zi /RTC1 /MDd " -o D:\v-donche\siggraph18\colorization_demo\github\Similarity_SubNet\windows\..\Build\Int\test_all\x64\Debug\test_im2col_kernel.cu.obj "D:\v-donche\siggraph18\colorization_demo\github\Similarity_SubNet\src\caffe\test\test_im2col_kernel.cu" -clean
         
         D:\v-donche\siggraph18\colorization_demo\github\Similarity_SubNet\windows\test_all>"C:\Program Files\NVIDIA GPU Computing Toolkit\CUDA\v8.0\bin\nvcc.exe" -ccbin "C:\Program Files (x86)\Microsoft Visual Studio 12.0\VC\bin\x86_amd64"  -I"D:\v-donche\siggraph18\colorization_demo\github\NugetPackages\lmdb-v120-clean.0.9.14.0\build\native\..\..\lib\native\include" -I"D:\v-donche\siggraph18\colorization_demo\github\NugetPackages\LevelDB-vc120.1.2.0.0\build\native\../..//build/native/include/" -I"D:\v-donche\siggraph18\colorization_demo\github\NugetPackages\OpenCV.2.4.10\build\native\../../build/native/include/" -I"D:\v-donche\siggraph18\colorization_demo\github\NugetPackages\OpenBLAS.0.2.14.1\build\native\..\..\lib\native\include" -I"D:\v-donche\siggraph18\colorization_demo\github\NugetPackages\glog.0.3.3.0\build\native\../..//build/native/include/" -I"D:\v-donche\siggraph18\colorization_demo\github\NugetPackages\gflags.2.1.2.1\build\native\../..///build/native/include/" -I"D:\v-donche\siggraph18\colorization_demo\github\NugetPackages\protobuf-v120.2.6.1\build\native\../..//build/native/include/" -I"D:\v-donche\siggraph18\colorization_demo\github\NugetPackages\boost.1.59.0.0\build\native\..\..\lib\native\include\\" -I"D:\v-donche\siggraph18\colorization_demo\github\Similarity_SubNet\windows\test_all\\..\..\src" -I"D:\v-donche\siggraph18\colorization_demo\github\NugetPackages\hdf5-v120-complete.1.8.15.2\build\native\..\..\lib\native\include" -I"C:\Program Files\NVIDIA GPU Computing Toolkit\CUDA\v8.0\include" -I"C:\Program Files\NVIDIA GPU Computing Toolkit\CUDA\v8.0\include"  -G -lineinfo  --keep-dir D:\v-donche\siggraph18\colorization_demo\github\Similarity_SubNet\windows\..\Build\Int\test_all\x64\Debug -maxrregcount=0  --machine 64 --compile  -Xcudafe "--diag_suppress=exception_spec_override_incompat --diag_suppress=useless_using_declaration --diag_suppress=field_without_dll_interface --diag_suppress=boolean_controlling_expr_is_constant" -D_SCL_SECURE_NO_WARNINGS -DGFLAGS_DLL_DECL=  -g   -DHAS_LMDB -DHAS_OPENCV -DHAS_OPENBLAS -D_DEBUG -D_SCL_SECURE_NO_WARNINGS -DUSE_OPENCV -DUSE_LEVELDB -DUSE_LMDB -DUSE_CUDNN -D_UNICODE -DUNICODE -DHAS_HDF5 -Xcompiler "/EHsc /W1 /nologo /Od /FS /Zi /RTC1 /MDd " -o D:\v-donche\siggraph18\colorization_demo\github\Similarity_SubNet\windows\..\Build\Int\test_all\x64\Debug\test_im2col_kernel.cu.obj "D:\v-donche\siggraph18\colorization_demo\github\Similarity_SubNet\src\caffe\test\test_im2col_kernel.cu" -clean 
     1>CUDACOMPILE : nvcc warning : The 'compute_20', 'sm_20', and 'sm_21' architectures are deprecated, and may be removed in a future release (Use -Wno-deprecated-gpu-targets to suppress warning).
         test_im2col_kernel.cu
       AddCudaCompileDeps:
         C:\Program Files (x86)\Microsoft Visual Studio 12.0\VC\bin\x86_amd64\cl.exe /E /nologo /showIncludes /TP /D__CUDACC__ /DHAS_LMDB /DHAS_OPENCV /DHAS_OPENBLAS /D_DEBUG /D_SCL_SECURE_NO_WARNINGS /DUSE_OPENCV /DUSE_LEVELDB /DUSE_LMDB /DUSE_CUDNN /D_UNICODE /DUNICODE /DHAS_HDF5 /ID:\v-donche\siggraph18\colorization_demo\github\NugetPackages\lmdb-v120-clean.0.9.14.0\build\native\..\..\lib\native\include /ID:\v-donche\siggraph18\colorization_demo\github\NugetPackages\LevelDB-vc120.1.2.0.0\build\native\../..//build/native/include/ /ID:\v-donche\siggraph18\colorization_demo\github\NugetPackages\OpenCV.2.4.10\build\native\../../build/native/include/ /ID:\v-donche\siggraph18\colorization_demo\github\NugetPackages\OpenBLAS.0.2.14.1\build\native\..\..\lib\native\include /ID:\v-donche\siggraph18\colorization_demo\github\NugetPackages\glog.0.3.3.0\build\native\../..//build/native/include/ /ID:\v-donche\siggraph18\colorization_demo\github\NugetPackages\gflags.2.1.2.1\build\native\../..///build/native/include/ /ID:\v-donche\siggraph18\colorization_demo\github\NugetPackages\protobuf-v120.2.6.1\build\native\../..//build/native/include/ /ID:\v-donche\siggraph18\colorization_demo\github\NugetPackages\boost.1.59.0.0\build\native\..\..\lib\native\include\ /ID:\v-donche\siggraph18\colorization_demo\github\Similarity_SubNet\windows\test_all\\..\..\src /ID:\v-donche\siggraph18\colorization_demo\github\NugetPackages\hdf5-v120-complete.1.8.15.2\build\native\..\..\lib\native\include /I"C:\Program Files\NVIDIA GPU Computing Toolkit\CUDA\v8.0\include" /I"C:\Program Files\NVIDIA GPU Computing Toolkit\CUDA\v8.0\bin" /I"C:\Program Files\NVIDIA GPU Computing Toolkit\CUDA\v8.0\include" /I. /FIcuda_runtime.h /c D:\v-donche\siggraph18\colorization_demo\github\Similarity_SubNet\src\caffe\test\test_im2col_kernel.cu 
     1>Project "D:\v-donche\siggraph18\colorization_demo\github\Similarity_SubNet\windows\test_all\test_all.vcxproj" (1) is building "D:\v-donche\siggraph18\colorization_demo\github\Similarity_SubNet\windows\test_all\test_all.vcxproj" (1:2) on node 1 (CudaBuildCore target(s)).
     1>CudaBuildCore:
         Compiling CUDA source file ..\..\src\caffe\test\test_im2col_kernel.cu...
         cmd.exe /C "C:\Users\t-dochen\AppData\Local\Temp\4\tmp2f111b02c6a94365a9c41cad250bf5b1.cmd"
         "C:\Program Files\NVIDIA GPU Computing Toolkit\CUDA\v8.0\bin\nvcc.exe" -gencode=arch=compute_35,code=\"sm_35,compute_35\" -gencode=arch=compute_52,code=\"sm_52,compute_52\" --use-local-env --cl-version 2013 -ccbin "C:\Program Files (x86)\Microsoft Visual Studio 12.0\VC\bin\x86_amd64"  -I"D:\v-donche\siggraph18\colorization_demo\github\NugetPackages\lmdb-v120-clean.0.9.14.0\build\native\..\..\lib\native\include" -I"D:\v-donche\siggraph18\colorization_demo\github\NugetPackages\LevelDB-vc120.1.2.0.0\build\native\../..//build/native/include/" -I"D:\v-donche\siggraph18\colorization_demo\github\NugetPackages\OpenCV.2.4.10\build\native\../../build/native/include/" -I"D:\v-donche\siggraph18\colorization_demo\github\NugetPackages\OpenBLAS.0.2.14.1\build\native\..\..\lib\native\include" -I"D:\v-donche\siggraph18\colorization_demo\github\NugetPackages\glog.0.3.3.0\build\native\../..//build/native/include/" -I"D:\v-donche\siggraph18\colorization_demo\github\NugetPackages\gflags.2.1.2.1\build\native\../..///build/native/include/" -I"D:\v-donche\siggraph18\colorization_demo\github\NugetPackages\protobuf-v120.2.6.1\build\native\../..//build/native/include/" -I"D:\v-donche\siggraph18\colorization_demo\github\NugetPackages\boost.1.59.0.0\build\native\..\..\lib\native\include\\" -I"D:\v-donche\siggraph18\colorization_demo\github\Similarity_SubNet\windows\test_all\\..\..\src" -I"D:\v-donche\siggraph18\colorization_demo\github\NugetPackages\hdf5-v120-complete.1.8.15.2\build\native\..\..\lib\native\include" -I"C:\Program Files\NVIDIA GPU Computing Toolkit\CUDA\v8.0\include" -I"C:\Program Files\NVIDIA GPU Computing Toolkit\CUDA\v8.0\include"  -G -lineinfo  --keep-dir D:\v-donche\siggraph18\colorization_demo\github\Similarity_SubNet\windows\..\Build\Int\test_all\x64\Debug -maxrregcount=0  --machine 64 --compile -cudart static -Xcudafe "--diag_suppress=exception_spec_override_incompat --diag_suppress=useless_using_declaration --diag_suppress=field_without_dll_interface --diag_suppress=boolean_controlling_expr_is_constant" -D_SCL_SECURE_NO_WARNINGS -DGFLAGS_DLL_DECL= -g   -DHAS_LMDB -DHAS_OPENCV -DHAS_OPENBLAS -D_DEBUG -D_SCL_SECURE_NO_WARNINGS -DUSE_OPENCV -DUSE_LEVELDB -DUSE_LMDB -DUSE_CUDNN -D_UNICODE -DUNICODE -DHAS_HDF5 -Xcompiler "/EHsc /W1 /nologo /Od /FS /Zi /RTC1 /MDd " -o D:\v-donche\siggraph18\colorization_demo\github\Similarity_SubNet\windows\..\Build\Int\test_all\x64\Debug\test_im2col_kernel.cu.obj "D:\v-donche\siggraph18\colorization_demo\github\Similarity_SubNet\src\caffe\test\test_im2col_kernel.cu"
         
         D:\v-donche\siggraph18\colorization_demo\github\Similarity_SubNet\windows\test_all>"C:\Program Files\NVIDIA GPU Computing Toolkit\CUDA\v8.0\bin\nvcc.exe" -gencode=arch=compute_35,code=\"sm_35,compute_35\" -gencode=arch=compute_52,code=\"sm_52,compute_52\" --use-local-env --cl-version 2013 -ccbin "C:\Program Files (x86)\Microsoft Visual Studio 12.0\VC\bin\x86_amd64"  -I"D:\v-donche\siggraph18\colorization_demo\github\NugetPackages\lmdb-v120-clean.0.9.14.0\build\native\..\..\lib\native\include" -I"D:\v-donche\siggraph18\colorization_demo\github\NugetPackages\LevelDB-vc120.1.2.0.0\build\native\../..//build/native/include/" -I"D:\v-donche\siggraph18\colorization_demo\github\NugetPackages\OpenCV.2.4.10\build\native\../../build/native/include/" -I"D:\v-donche\siggraph18\colorization_demo\github\NugetPackages\OpenBLAS.0.2.14.1\build\native\..\..\lib\native\include" -I"D:\v-donche\siggraph18\colorization_demo\github\NugetPackages\glog.0.3.3.0\build\native\../..//build/native/include/" -I"D:\v-donche\siggraph18\colorization_demo\github\NugetPackages\gflags.2.1.2.1\build\native\../..///build/native/include/" -I"D:\v-donche\siggraph18\colorization_demo\github\NugetPackages\protobuf-v120.2.6.1\build\native\../..//build/native/include/" -I"D:\v-donche\siggraph18\colorization_demo\github\NugetPackages\boost.1.59.0.0\build\native\..\..\lib\native\include\\" -I"D:\v-donche\siggraph18\colorization_demo\github\Similarity_SubNet\windows\test_all\\..\..\src" -I"D:\v-donche\siggraph18\colorization_demo\github\NugetPackages\hdf5-v120-complete.1.8.15.2\build\native\..\..\lib\native\include" -I"C:\Program Files\NVIDIA GPU Computing Toolkit\CUDA\v8.0\include" -I"C:\Program Files\NVIDIA GPU Computing Toolkit\CUDA\v8.0\include"  -G -lineinfo  --keep-dir D:\v-donche\siggraph18\colorization_demo\github\Similarity_SubNet\windows\..\Build\Int\test_all\x64\Debug -maxrregcount=0  --machine 64 --compile -cudart static -Xcudafe "--diag_suppress=exception_spec_override_incompat --diag_suppress=useless_using_declaration --diag_suppress=field_without_dll_interface --diag_suppress=boolean_controlling_expr_is_constant" -D_SCL_SECURE_NO_WARNINGS -DGFLAGS_DLL_DECL= -g   -DHAS_LMDB -DHAS_OPENCV -DHAS_OPENBLAS -D_DEBUG -D_SCL_SECURE_NO_WARNINGS -DUSE_OPENCV -DUSE_LEVELDB -DUSE_LMDB -DUSE_CUDNN -D_UNICODE -DUNICODE -DHAS_HDF5 -Xcompiler "/EHsc /W1 /nologo /Od /FS /Zi /RTC1 /MDd " -o D:\v-donche\siggraph18\colorization_demo\github\Similarity_SubNet\windows\..\Build\Int\test_all\x64\Debug\test_im2col_kernel.cu.obj "D:\v-donche\siggraph18\colorization_demo\github\Similarity_SubNet\src\caffe\test\test_im2col_kernel.cu" 
         test_im2col_kernel.cu
     1>Done Building Project "D:\v-donche\siggraph18\colorization_demo\github\Similarity_SubNet\windows\test_all\test_all.vcxproj" (CudaBuildCore target(s)).
     1>ClCompile:
         C:\Program Files (x86)\Microsoft Visual Studio 12.0\VC\bin\x86_amd64\CL.exe /c /I"D:\v-donche\siggraph18\colorization_demo\github\NugetPackages\lmdb-v120-clean.0.9.14.0\build\native\..\..\lib\native\include" /I"D:\v-donche\siggraph18\colorization_demo\github\NugetPackages\LevelDB-vc120.1.2.0.0\build\native\../..//build/native/include/" /I"D:\v-donche\siggraph18\colorization_demo\github\NugetPackages\OpenCV.2.4.10\build\native\../../build/native/include/" /I"D:\v-donche\siggraph18\colorization_demo\github\NugetPackages\OpenBLAS.0.2.14.1\build\native\..\..\lib\native\include" /I"D:\v-donche\siggraph18\colorization_demo\github\NugetPackages\glog.0.3.3.0\build\native\../..//build/native/include/" /I"D:\v-donche\siggraph18\colorization_demo\github\NugetPackages\gflags.2.1.2.1\build\native\../..///build/native/include/" /I"D:\v-donche\siggraph18\colorization_demo\github\NugetPackages\protobuf-v120.2.6.1\build\native\../..//build/native/include/" /I"D:\v-donche\siggraph18\colorization_demo\github\NugetPackages\boost.1.59.0.0\build\native\..\..\lib\native\include\\" /I"D:\v-donche\siggraph18\colorization_demo\github\Similarity_SubNet\windows\test_all\\..\..\src" /I"D:\v-donche\siggraph18\colorization_demo\github\NugetPackages\hdf5-v120-complete.1.8.15.2\build\native\..\..\lib\native\include" /I"C:\Program Files\NVIDIA GPU Computing Toolkit\CUDA\v8.0\include" /Zi /nologo /W1 /WX /MP /Od /D HAS_LMDB /D HAS_OPENCV /D HAS_OPENBLAS /D _DEBUG /D _SCL_SECURE_NO_WARNINGS /D USE_OPENCV /D USE_LEVELDB /D USE_LMDB /D USE_CUDNN /D _UNICODE /D UNICODE /D HAS_HDF5 /Gm- /EHsc /RTC1 /MDd /GS /Zc:wchar_t /Zc:forScope /Fo"D:\v-donche\siggraph18\colorization_demo\github\Similarity_SubNet\windows\..\Build\Int\test_all\x64\Debug\\" /Fd"D:\v-donche\siggraph18\colorization_demo\github\Similarity_SubNet\windows\..\Build\Int\test_all\x64\Debug\vc120.pdb" /Gd /TP /wd4005 /errorReport:prompt ..\..\src\caffe\test\test_accuracy_layer.cpp ..\..\src\caffe\test\test_argmax_layer.cpp ..\..\src\caffe\test\test_batch_norm_layer.cpp ..\..\src\caffe\test\test_batch_reindex_layer.cpp ..\..\src\caffe\test\test_benchmark.cpp ..\..\src\caffe\test\test_bias_layer.cpp ..\..\src\caffe\test\test_blob.cpp ..\..\src\caffe\test\test_caffe_main.cpp ..\..\src\caffe\test\test_common.cpp ..\..\src\caffe\test\test_concat_layer.cpp ..\..\src\caffe\test\test_contrastive_loss_layer.cpp ..\..\src\caffe\test\test_convolution_layer.cpp ..\..\src\caffe\test\test_crop_layer.cpp ..\..\src\caffe\test\test_data_layer.cpp ..\..\src\caffe\test\test_data_transformer.cpp ..\..\src\caffe\test\test_db.cpp ..\..\src\caffe\test\test_deconvolution_layer.cpp ..\..\src\caffe\test\test_dummy_data_layer.cpp ..\..\src\caffe\test\test_eltwise_layer.cpp ..\..\src\caffe\test\test_embed_layer.cpp ..\..\src\caffe\test\test_euclidean_loss_layer.cpp ..\..\src\caffe\test\test_filler.cpp ..\..\src\caffe\test\test_filter_layer.cpp ..\..\src\caffe\test\test_flatten_layer.cpp ..\..\src\caffe\test\test_gradient_based_solver.cpp ..\..\src\caffe\test\test_hdf5data_layer.cpp ..\..\src\caffe\test\test_hdf5_output_layer.cpp ..\..\src\caffe\test\test_hinge_loss_layer.cpp ..\..\src\caffe\test\test_im2col_layer.cpp ..\..\src\caffe\test\test_image_data_layer.cpp ..\..\src\caffe\test\test_infogain_loss_layer.cpp ..\..\src\caffe\test\test_inner_product_layer.cpp ..\..\src\caffe\test\test_internal_thread.cpp ..\..\src\caffe\test\test_io.cpp ..\..\src\caffe\test\test_layer_factory.cpp ..\..\src\caffe\test\test_lrn_layer.cpp ..\..\src\caffe\test\test_math_functions.cpp ..\..\src\caffe\test\test_maxpool_dropout_layers.cpp ..\..\src\caffe\test\test_memory_data_layer.cpp ..\..\src\caffe\test\test_multinomial_logistic_loss_layer.cpp ..\..\src\caffe\test\test_mvn_layer.cpp ..\..\src\caffe\test\test_net.cpp ..\..\src\caffe\test\test_neuron_layer.cpp ..\..\src\caffe\test\test_platform.cpp ..\..\src\caffe\test\test_pooling_layer.cpp ..\..\src\caffe\test\test_power_layer.cpp ..\..\src\caffe\test\test_protobuf.cpp ..\..\src\caffe\test\test_random_number_generator.cpp ..\..\src\caffe\test\test_reduction_layer.cpp ..\..\src\caffe\test\test_reshape_layer.cpp ..\..\src\caffe\test\test_scale_layer.cpp ..\..\src\caffe\test\test_sigmoid_cross_entropy_loss_layer.cpp ..\..\src\caffe\test\test_slice_layer.cpp ..\..\src\caffe\test\test_softmax_layer.cpp ..\..\src\caffe\test\test_softmax_with_loss_layer.cpp ..\..\src\caffe\test\test_solver.cpp ..\..\src\caffe\test\test_solver_factory.cpp ..\..\src\caffe\test\test_split_layer.cpp ..\..\src\caffe\test\test_spp_layer.cpp ..\..\src\caffe\test\test_stochastic_pooling.cpp ..\..\src\caffe\test\test_syncedmem.cpp ..\..\src\caffe\test\test_tanh_layer.cpp ..\..\src\caffe\test\test_threshold_layer.cpp ..\..\src\caffe\test\test_tile_layer.cpp ..\..\src\caffe\test\test_upgrade_proto.cpp ..\..\src\caffe\test\test_util_blas.cpp "..\..\src\gtest\gtest-all.cpp"
         test_accuracy_layer.cpp
         test_argmax_layer.cpp
         test_batch_norm_layer.cpp
         test_batch_reindex_layer.cpp
         test_benchmark.cpp
         test_bias_layer.cpp
         test_blob.cpp
         test_caffe_main.cpp
         test_common.cpp
         test_concat_layer.cpp
         test_contrastive_loss_layer.cpp
         test_convolution_layer.cpp
         test_crop_layer.cpp
         test_data_layer.cpp
         test_data_transformer.cpp
         test_db.cpp
         test_deconvolution_layer.cpp
         test_dummy_data_layer.cpp
         test_eltwise_layer.cpp
         test_embed_layer.cpp
         test_euclidean_loss_layer.cpp
         test_filler.cpp
         test_filter_layer.cpp
         test_flatten_layer.cpp
         test_gradient_based_solver.cpp
         test_hdf5data_layer.cpp
         test_hdf5_output_layer.cpp
         test_hinge_loss_layer.cpp
         test_im2col_layer.cpp
         test_image_data_layer.cpp
         test_infogain_loss_layer.cpp
         test_inner_product_layer.cpp
     1>..\..\src\caffe\test\test_hdf5data_layer.cpp(34): error C2065: 'CMAKE_SOURCE_DIR' : undeclared identifier
                 ..\..\src\caffe\test\test_hdf5data_layer.cpp(27) : while compiling class template member function 'void caffe::HDF5DataLayerTest<Type>::SetUp(void)'
                 ..\..\src\caffe\test\test_hdf5data_layer.cpp(55) : see reference to class template instantiation 'caffe::HDF5DataLayerTest<Type>' being compiled
                 D:\v-donche\siggraph18\colorization_demo\github\Similarity_SubNet\src\gtest/gtest.h(7341) : see reference to class template instantiation 'caffe::HDF5DataLayerTest_TestRead_Test<T>' being compiled
                 with
                 [
                     T=Type
                 ]
                 D:\v-donche\siggraph18\colorization_demo\github\Similarity_SubNet\src\gtest/gtest.h(7327) : while compiling class template member function 'bool testing::internal::TypeParameterizedTest<caffe::HDF5DataLayerTest,testing::internal::TemplateSel<caffe::HDF5DataLayerTest_TestRead_Test>,caffe::gtest_type_params_HDF5DataLayerTest_>::Register(const char *,const char *,const char *,int)'
                 ..\..\src\caffe\test\test_hdf5data_layer.cpp(55) : see reference to function template instantiation 'bool testing::internal::TypeParameterizedTest<caffe::HDF5DataLayerTest,testing::internal::TemplateSel<caffe::HDF5DataLayerTest_TestRead_Test>,caffe::gtest_type_params_HDF5DataLayerTest_>::Register(const char *,const char *,const char *,int)' being compiled
                 ..\..\src\caffe\test\test_hdf5data_layer.cpp(55) : see reference to class template instantiation 'testing::internal::TypeParameterizedTest<caffe::HDF5DataLayerTest,testing::internal::TemplateSel<caffe::HDF5DataLayerTest_TestRead_Test>,caffe::gtest_type_params_HDF5DataLayerTest_>' being compiled
     1>..\..\src\caffe\test\test_hdf5data_layer.cpp(34): error C2143: syntax error : missing ')' before 'string'
     1>..\..\src\caffe\test\test_hdf5data_layer.cpp(34): error C2059: syntax error : ')'
         test_internal_thread.cpp
     1>..\..\src\caffe\test\test_hdf5_output_layer.cpp(24): error C2065: 'CMAKE_SOURCE_DIR' : undeclared identifier
                 ..\..\src\caffe\test\test_hdf5_output_layer.cpp(22) : while compiling class template member function 'caffe::HDF5OutputLayerTest<Type>::HDF5OutputLayerTest(void)'
                 C:\Program Files (x86)\Microsoft Visual Studio 12.0\VC\include\xstring(792) : see reference to function template instantiation 'caffe::HDF5OutputLayerTest<Type>::HDF5OutputLayerTest(void)' being compiled
                 ..\..\src\caffe\test\test_hdf5_output_layer.cpp(73) : see reference to class template instantiation 'caffe::HDF5OutputLayerTest<Type>' being compiled
                 D:\v-donche\siggraph18\colorization_demo\github\Similarity_SubNet\src\gtest/gtest.h(7341) : see reference to class template instantiation 'caffe::HDF5OutputLayerTest_TestForward_Test<T>' being compiled
                 with
                 [
                     T=Type
                 ]
                 D:\v-donche\siggraph18\colorization_demo\github\Similarity_SubNet\src\gtest/gtest.h(7327) : while compiling class template member function 'bool testing::internal::TypeParameterizedTest<caffe::HDF5OutputLayerTest,testing::internal::TemplateSel<caffe::HDF5OutputLayerTest_TestForward_Test>,caffe::gtest_type_params_HDF5OutputLayerTest_>::Register(const char *,const char *,const char *,int)'
                 ..\..\src\caffe\test\test_hdf5_output_layer.cpp(73) : see reference to function template instantiation 'bool testing::internal::TypeParameterizedTest<caffe::HDF5OutputLayerTest,testing::internal::TemplateSel<caffe::HDF5OutputLayerTest_TestForward_Test>,caffe::gtest_type_params_HDF5OutputLayerTest_>::Register(const char *,const char *,const char *,int)' being compiled
                 ..\..\src\caffe\test\test_hdf5_output_layer.cpp(73) : see reference to class template instantiation 'testing::internal::TypeParameterizedTest<caffe::HDF5OutputLayerTest,testing::internal::TemplateSel<caffe::HDF5OutputLayerTest_TestForward_Test>,caffe::gtest_type_params_HDF5OutputLayerTest_>' being compiled
     1>..\..\src\caffe\test\test_hdf5_output_layer.cpp(24): error C2143: syntax error : missing ')' before 'string'
     1>..\..\src\caffe\test\test_hdf5_output_layer.cpp(24): error C2612: trailing 'string' illegal in base/member initializer list
     1>C:\Program Files (x86)\Microsoft Visual Studio 12.0\VC\include\xstring(902): fatal error C1004: unexpected end-of-file found (..\..\src\caffe\test\test_hdf5_output_layer.cpp)
         test_io.cpp
         test_layer_factory.cpp
         test_lrn_layer.cpp
         test_math_functions.cpp
         test_maxpool_dropout_layers.cpp
         test_memory_data_layer.cpp
         test_multinomial_logistic_loss_layer.cpp
         test_mvn_layer.cpp
         test_net.cpp
         test_neuron_layer.cpp
         test_platform.cpp
         test_pooling_layer.cpp
         test_power_layer.cpp
         test_protobuf.cpp
         test_random_number_generator.cpp
         test_reduction_layer.cpp
         test_reshape_layer.cpp
         test_scale_layer.cpp
         test_sigmoid_cross_entropy_loss_layer.cpp
         test_slice_layer.cpp
         test_softmax_layer.cpp
         test_softmax_with_loss_layer.cpp
         test_solver.cpp
     1>..\..\src\caffe\test\test_gradient_based_solver.cpp(39): error C2065: 'P2PSync' : undeclared identifier
                 ..\..\src\caffe\test\test_gradient_based_solver.cpp(562) : see reference to class template instantiation 'caffe::GradientBasedSolverTest<TypeParam>' being compiled
     1>..\..\src\caffe\test\test_gradient_based_solver.cpp(39): error C2974: 'boost::shared_ptr' : invalid template argument for 'T', type expected
                 D:\v-donche\siggraph18\colorization_demo\github\NugetPackages\boost.1.59.0.0\lib\native\include\boost/smart_ptr/shared_ptr.hpp(331) : see declaration of 'boost::shared_ptr'
     1>..\..\src\caffe\test\test_gradient_based_solver.cpp(39): error C2059: syntax error : '>'
     1>..\..\src\caffe\test\test_gradient_based_solver.cpp(39): error C2238: unexpected token(s) preceding ';'
         test_solver_factory.cpp
         test_split_layer.cpp
         test_spp_layer.cpp
         test_stochastic_pooling.cpp
         test_syncedmem.cpp
         test_tanh_layer.cpp
     1>D:\v-donche\siggraph18\colorization_demo\github\Similarity_SubNet\include\caffe/layers/pooling_layer.hpp(54): error C2146: syntax error : missing ';' before identifier 'round_mode_' (..\..\src\caffe\test\test_lrn_layer.cpp)
                 D:\v-donche\siggraph18\colorization_demo\github\Similarity_SubNet\include\caffe/layers/pooling_layer.hpp(57) : see reference to class template instantiation 'caffe::PoolingLayer<Dtype>' being compiled
     1>D:\v-donche\siggraph18\colorization_demo\github\Similarity_SubNet\include\caffe/layers/pooling_layer.hpp(54): error C4430: missing type specifier - int assumed. Note: C++ does not support default-int (..\..\src\caffe\test\test_lrn_layer.cpp)
         test_threshold_layer.cpp
         test_tile_layer.cpp
     1>D:\v-donche\siggraph18\colorization_demo\github\Similarity_SubNet\include\caffe/layers/pooling_layer.hpp(54): error C2146: syntax error : missing ';' before identifier 'round_mode_' (..\..\src\caffe\test\test_maxpool_dropout_layers.cpp)
                 D:\v-donche\siggraph18\colorization_demo\github\Similarity_SubNet\include\caffe/layers/pooling_layer.hpp(57) : see reference to class template instantiation 'caffe::PoolingLayer<Dtype>' being compiled
     1>D:\v-donche\siggraph18\colorization_demo\github\Similarity_SubNet\include\caffe/layers/pooling_layer.hpp(54): error C4430: missing type specifier - int assumed. Note: C++ does not support default-int (..\..\src\caffe\test\test_maxpool_dropout_layers.cpp)
         test_upgrade_proto.cpp
     1>D:\v-donche\siggraph18\colorization_demo\github\Similarity_SubNet\include\caffe/layers/pooling_layer.hpp(54): error C2146: syntax error : missing ';' before identifier 'round_mode_' (..\..\src\caffe\test\test_pooling_layer.cpp)
                 D:\v-donche\siggraph18\colorization_demo\github\Similarity_SubNet\include\caffe/layers/pooling_layer.hpp(57) : see reference to class template instantiation 'caffe::PoolingLayer<Dtype>' being compiled
     1>D:\v-donche\siggraph18\colorization_demo\github\Similarity_SubNet\include\caffe/layers/pooling_layer.hpp(54): error C4430: missing type specifier - int assumed. Note: C++ does not support default-int (..\..\src\caffe\test\test_pooling_layer.cpp)
         test_util_blas.cpp
         gtest-all.cpp
     1>D:\v-donche\siggraph18\colorization_demo\github\Similarity_SubNet\include\caffe/layers/pooling_layer.hpp(54): error C2146: syntax error : missing ';' before identifier 'round_mode_' (..\..\src\caffe\test\test_spp_layer.cpp)
                 D:\v-donche\siggraph18\colorization_demo\github\Similarity_SubNet\include\caffe/layers/pooling_layer.hpp(57) : see reference to class template instantiation 'caffe::PoolingLayer<Dtype>' being compiled
     1>D:\v-donche\siggraph18\colorization_demo\github\Similarity_SubNet\include\caffe/layers/pooling_layer.hpp(54): error C4430: missing type specifier - int assumed. Note: C++ does not support default-int (..\..\src\caffe\test\test_spp_layer.cpp)
     1>D:\v-donche\siggraph18\colorization_demo\github\Similarity_SubNet\include\caffe/layers/pooling_layer.hpp(54): error C2146: syntax error : missing ';' before identifier 'round_mode_' (..\..\src\caffe\test\test_stochastic_pooling.cpp)
                 D:\v-donche\siggraph18\colorization_demo\github\Similarity_SubNet\include\caffe/layers/pooling_layer.hpp(57) : see reference to class template instantiation 'caffe::PoolingLayer<Dtype>' being compiled
     1>D:\v-donche\siggraph18\colorization_demo\github\Similarity_SubNet\include\caffe/layers/pooling_layer.hpp(54): error C4430: missing type specifier - int assumed. Note: C++ does not support default-int (..\..\src\caffe\test\test_stochastic_pooling.cpp)
     1>Done Building Project "D:\v-donche\siggraph18\colorization_demo\github\Similarity_SubNet\windows\test_all\test_all.vcxproj" (Rebuild target(s)) -- FAILED.

Build FAILED.

Time Elapsed 00:00:44.87
